<?xml version="1.0" encoding="UTF-8"?>
<testsuite xmlns:xsi="http://www.w3.org/2001/XMLSchema-instance" xsi:noNamespaceSchemaLocation="https://maven.apache.org/surefire/maven-surefire-plugin/xsd/surefire-test-report-3.0.xsd" version="3.0" name="SchoolSupplyInventory.TestDatabaseOperations" time="5.884" tests="5" errors="0" skipped="0" failures="0">
  <properties>
[...]
</properties>
  <testcase name="testDatabaseConnection" classname="SchoolSupplyInventory.TestDatabaseOperations" time="0.525"/>
  <testcase name="testGetAllItems" classname="SchoolSupplyInventory.TestDatabaseOperations" time="0.997">
    <system-out><![CDATA[Item added successfully! Rows affected: 1
]]></system-out>
  </testcase>
  <testcase name="testInsertItem" classname="SchoolSupplyInventory.TestDatabaseOperations" time="1.355">
    <system-out><![CDATA[Item added successfully! Rows affected: 1
]]></system-out>
  </testcase>
  <testcase name="testDeleteItem" classname="SchoolSupplyInventory.TestDatabaseOperations" time="1.994">
    <system-out><![CDATA[Item added successfully! Rows affected: 1
Item deleted successfully! Rows affected: 1
]]></system-out>
  </testcase>
  <testcase name="testUpdateItemQuantityToZero" classname="SchoolSupplyInventory.TestDatabaseOperations" time="1.008">
    <system-out><![CDATA[Item added successfully! Rows affected: 1
]]></system-out>
  </testcase>
</testsuite>