<?xml version="1.0" encoding="UTF-8"?>
<testsuite xmlns:xsi="http://www.w3.org/2001/XMLSchema-instance" xsi:noNamespaceSchemaLocation="https://maven.apache.org/surefire/maven-surefire-plugin/xsd/surefire-test-report-3.0.xsd" version="3.0" name="SchoolSupplyInventory.TestDatabaseOperations" time="6.64" tests="8" errors="0" skipped="0" failures="0">
  <properties>
[...]
</properties>
  <testcase name="testDatabaseConnection" classname="SchoolSupplyInventory.TestDatabaseOperations" time="0.542"/>
  <testcase name="testUpdateNonExistentItemQuantity" classname="SchoolSupplyInventory.TestDatabaseOperations" time="0.683">
    <system-out><![CDATA[Item quantity updated! Rows affected: 0
]]></system-out>
  </testcase>
  <testcase name="testGetAllItems" classname="SchoolSupplyInventory.TestDatabaseOperations" time="0.619">
    <system-out><![CDATA[Error inserting item
]]></system-out>
    <system-err><![CDATA[java.sql.SQLIntegrityConstraintViolationException: Duplicate entry '5656' for key 'Item.PRIMARY'
	at com.mysql.cj.jdbc.exceptions.SQLError.createSQLException(SQLError.java:118)
	at com.mysql.cj.jdbc.exceptions.SQLExceptionsMapping.translateException(SQLExceptionsMapping.java:122)
	at com.mysql.cj.jdbc.ClientPreparedStatement.executeInternal(ClientPreparedStatement.java:916)
	at com.mysql.cj.jdbc.ClientPreparedStatement.executeUpdateInternal(ClientPreparedStatement.java:1061)
	at com.mysql.cj.jdbc.ClientPreparedStatement.executeUpdateInternal(ClientPreparedStatement.java:1009)
	at com.mysql.cj.jdbc.ClientPreparedStatement.executeLargeUpdate(ClientPreparedStatement.java:1320)
	at com.mysql.cj.jdbc.ClientPreparedStatement.executeUpdate(ClientPreparedStatement.java:994)
	at SchoolSupplyInventory.DatabaseManager.insertItem(DatabaseManager.java:33)
	at SchoolSupplyInventory.TestDatabaseOperations.testGetAllItems(TestDatabaseOperations.java:69)
	at java.base/jdk.internal.reflect.NativeMethodAccessorImpl.invoke0(Native Method)
	at java.base/jdk.internal.reflect.NativeMethodAccessorImpl.invoke(NativeMethodAccessorImpl.java:77)
	at java.base/jdk.internal.reflect.DelegatingMethodAccessorImpl.invoke(DelegatingMethodAccessorImpl.java:43)
	at java.base/java.lang.reflect.Method.invoke(Method.java:568)
	at org.junit.runners.model.FrameworkMethod$1.runReflectiveCall(FrameworkMethod.java:59)
	at org.junit.internal.runners.model.ReflectiveCallable.run(ReflectiveCallable.java:12)
	at org.junit.runners.model.FrameworkMethod.invokeExplosively(FrameworkMethod.java:56)
	at org.junit.internal.runners.statements.InvokeMethod.evaluate(InvokeMethod.java:17)
	at org.junit.internal.runners.statements.RunBefores.evaluate(RunBefores.java:26)
	at org.junit.runners.ParentRunner$3.evaluate(ParentRunner.java:306)
	at org.junit.runners.BlockJUnit4ClassRunner$1.evaluate(BlockJUnit4ClassRunner.java:100)
	at org.junit.runners.ParentRunner.runLeaf(ParentRunner.java:366)
	at org.junit.runners.BlockJUnit4ClassRunner.runChild(BlockJUnit4ClassRunner.java:103)
	at org.junit.runners.BlockJUnit4ClassRunner.runChild(BlockJUnit4ClassRunner.java:63)
	at org.junit.runners.ParentRunner$4.run(ParentRunner.java:331)
	at org.junit.runners.ParentRunner$1.schedule(ParentRunner.java:79)
	at org.junit.runners.ParentRunner.runChildren(ParentRunner.java:329)
	at org.junit.runners.ParentRunner.access$100(ParentRunner.java:66)
	at org.junit.runners.ParentRunner$2.evaluate(ParentRunner.java:293)
	at org.junit.runners.ParentRunner$3.evaluate(ParentRunner.java:306)
	at org.junit.runners.ParentRunner.run(ParentRunner.java:413)
	at org.apache.maven.surefire.junit4.JUnit4Provider.execute(JUnit4Provider.java:316)
	at org.apache.maven.surefire.junit4.JUnit4Provider.executeWithRerun(JUnit4Provider.java:240)
	at org.apache.maven.surefire.junit4.JUnit4Provider.executeTestSet(JUnit4Provider.java:214)
	at org.apache.maven.surefire.junit4.JUnit4Provider.invoke(JUnit4Provider.java:155)
	at org.apache.maven.surefire.booter.ForkedBooter.runSuitesInProcess(ForkedBooter.java:385)
	at org.apache.maven.surefire.booter.ForkedBooter.execute(ForkedBooter.java:162)
	at org.apache.maven.surefire.booter.ForkedBooter.run(ForkedBooter.java:507)
	at org.apache.maven.surefire.booter.ForkedBooter.main(ForkedBooter.java:495)
]]></system-err>
  </testcase>
  <testcase name="testInsertItem" classname="SchoolSupplyInventory.TestDatabaseOperations" time="0.973">
    <system-out><![CDATA[Item added successfully! Rows affected: 1
]]></system-out>
  </testcase>
  <testcase name="testUpdateItemQuantity" classname="SchoolSupplyInventory.TestDatabaseOperations" time="0.96">
    <system-out><![CDATA[Item added successfully! Rows affected: 1
Item quantity updated! Rows affected: 1
]]></system-out>
  </testcase>
  <testcase name="testDeleteItem" classname="SchoolSupplyInventory.TestDatabaseOperations" time="1.254">
    <system-out><![CDATA[Item added successfully! Rows affected: 1
Item deleted successfully! Rows affected: 1
]]></system-out>
  </testcase>
  <testcase name="testDeleteNonExistentItem" classname="SchoolSupplyInventory.TestDatabaseOperations" time="0.625">
    <system-out><![CDATA[Item deleted successfully! Rows affected: 0
]]></system-out>
  </testcase>
  <testcase name="testUpdateItemQuantityToZero" classname="SchoolSupplyInventory.TestDatabaseOperations" time="0.979">
    <system-out><![CDATA[Item added successfully! Rows affected: 1
Item quantity updated! Rows affected: 1
]]></system-out>
  </testcase>
</testsuite>